<?xml version="1.0" encoding="UTF-8"?>
<!-- Generated by org.testng.reporters.JUnitXMLReporter -->
<testsuite ignored="0" hostname="DESKTOP-121C7AT" failures="0" tests="3" name="Default test" time="0.144" errors="0" timestamp="2022-08-19T11:50:27 IST">
  <testcase classname="com.trustinsurance.genericutility.Baseclass" name="@BeforeClass configBC" time="-1.660890027591E9">
    <failure type="org.testng.TestNGException" message="
Parameter &amp;apos;BROWSER&amp;apos; is required by BeforeClass on method configBC but has not been marked @Optional or defined
in C:\Users\acer\AppData\Local\Temp\testng-eclipse-2090827387\testng-customsuite.xml">
      <![CDATA[org.testng.TestNGException: 
Parameter 'BROWSER' is required by BeforeClass on method configBC but has not been marked @Optional or defined
in C:\Users\acer\AppData\Local\Temp\testng-eclipse-2090827387\testng-customsuite.xml
at org.testng.internal.Parameters.createParams(Parameters.java:270)
at org.testng.internal.Parameters.createParametersForMethod(Parameters.java:358)
at org.testng.internal.Parameters.createParameters(Parameters.java:700)
at org.testng.internal.Parameters.createConfigurationParameters(Parameters.java:168)
at org.testng.internal.ConfigInvoker.invokeConfigurations(ConfigInvoker.java:302)
at org.testng.internal.TestMethodWorker.invokeBeforeClassMethods(TestMethodWorker.java:176)
at org.testng.internal.TestMethodWorker.run(TestMethodWorker.java:122)
at java.base/java.util.ArrayList.forEach(ArrayList.java:1511)
at org.testng.TestRunner.privateRun(TestRunner.java:794)
at org.testng.TestRunner.run(TestRunner.java:596)
at org.testng.SuiteRunner.runTest(SuiteRunner.java:377)
at org.testng.SuiteRunner.runSequentially(SuiteRunner.java:371)
at org.testng.SuiteRunner.privateRun(SuiteRunner.java:332)
at org.testng.SuiteRunner.run(SuiteRunner.java:276)
at org.testng.SuiteRunnerWorker.runSuite(SuiteRunnerWorker.java:53)
at org.testng.SuiteRunnerWorker.run(SuiteRunnerWorker.java:96)
at org.testng.TestNG.runSuitesSequentially(TestNG.java:1212)
at org.testng.TestNG.runSuitesLocally(TestNG.java:1134)
at org.testng.TestNG.runSuites(TestNG.java:1063)
at org.testng.TestNG.run(TestNG.java:1031)
at org.testng.remote.AbstractRemoteTestNG.run(AbstractRemoteTestNG.java:115)
at org.testng.remote.RemoteTestNG.initAndRun(RemoteTestNG.java:251)
at org.testng.remote.RemoteTestNG.main(RemoteTestNG.java:77)
]]>
    </failure>
  </testcase> <!-- @BeforeClass configBC -->
  <testcase classname="com.trustinsurance.genericutility.Baseclass" name="@BeforeMethod configBM" time="-1.660890027628E9">
    <skipped/>
  </testcase> <!-- @BeforeMethod configBM -->
  <testcase classname="com.trustinsurance.genericutility.Baseclass" name="@AfterMethod configAM" time="-1.660890027643E9">
    <skipped/>
  </testcase> <!-- @AfterMethod configAM -->
  <testcase classname="com.trustinsurance.genericutility.Baseclass" name="@BeforeMethod configBM" time="-1.660890027651E9">
    <skipped/>
  </testcase> <!-- @BeforeMethod configBM -->
  <testcase classname="com.trustinsurance.genericutility.Baseclass" name="@AfterMethod configAM" time="-1.660890027666E9">
    <skipped/>
  </testcase> <!-- @AfterMethod configAM -->
  <testcase classname="com.trustinsurance.genericutility.Baseclass" name="@BeforeMethod configBM" time="-1.660890027669E9">
    <skipped/>
  </testcase> <!-- @BeforeMethod configBM -->
  <testcase classname="com.trustinsurance.genericutility.Baseclass" name="@AfterMethod configAM" time="-1.660890027689E9">
    <skipped/>
  </testcase> <!-- @AfterMethod configAM -->
  <testcase classname="com.trustinsurance.genericutility.Baseclass" name="@AfterClass configAC" time="-1.660890027696E9">
    <skipped/>
  </testcase> <!-- @AfterClass configAC -->
  <testcase classname="com.trustinsurance.clients.ClientsTest" name="CreateClientIdPasswordLoginWithSameTest" time="0.0">
    <skipped/>
  </testcase> <!-- CreateClientIdPasswordLoginWithSameTest -->
  <testcase classname="com.trustinsurance.clients.ClientsTest" name="CreatePaymentInformationUsingClientStatusLinkTest" time="0.0">
    <skipped/>
  </testcase> <!-- CreatePaymentInformationUsingClientStatusLinkTest -->
  <testcase classname="com.trustinsurance.clients.ClientsTest" name="LoginWithNomineeIDClientPasswordTest" time="0.0">
    <skipped/>
  </testcase> <!-- LoginWithNomineeIDClientPasswordTest -->
</testsuite> <!-- Default test -->
